<?xml version="1.0" encoding="UTF-8"?>
<!-- Generated by org.testng.reporters.JUnitReportReporter -->
<testsuite skipped="0" hostname="MCGL-20002369" name="POM_Practice1.FirstClass" tests="1" failures="0" timestamp="04 Feb 2019 09:55:52 GMT" time="20.639" errors="0">
  <testcase name="Method1" time="20.639" classname="POM_Practice1.FirstClass"/>
</testsuite> <!-- POM_Practice1.FirstClass -->
