<?xml version="1.0" encoding="UTF-8"?>
<!-- Generated by org.testng.reporters.JUnitReportReporter -->
<testsuite skipped="0" hostname="MCGL-20002369" name="FirstClass" tests="1" failures="0" timestamp="04 Feb 2019 10:24:39 GMT" time="50.193" errors="0">
  <testcase name="Method1" time="50.193" classname="FirstClass"/>
</testsuite> <!-- FirstClass -->
